\BOOKMARK [1][-]{section.1}{\376\377\000A\000b\000s\000t\000r\000a\000c\000t}{}% 1
\BOOKMARK [1][-]{section.2}{\376\377\000I\000n\000t\000r\000o\000d\000u\000c\000t\000i\000o\000n}{}% 2
\BOOKMARK [1][-]{section.3}{\376\377\000T\000o\000p\000i\000c\000\040\0001\000:\000\040\000C\000l\000a\000s\000s\000i\000c\000a\000l\000\040\000T\000w\000o\000-\000P\000h\000a\000s\000e\000\040\000S\000a\000m\000p\000l\000i\000n\000g}{}% 3
\BOOKMARK [2][-]{subsection.3.1}{\376\377\000B\000a\000c\000k\000g\000r\000o\000u\000n\000d}{section.3}% 4
\BOOKMARK [2][-]{subsection.3.2}{\376\377\000M\000e\000t\000h\000o\000d\000o\000l\000o\000g\000y}{section.3}% 5
\BOOKMARK [2][-]{subsection.3.3}{\376\377\000T\000h\000e\000o\000r\000e\000t\000i\000c\000a\000l\000\040\000R\000e\000s\000u\000l\000t\000s}{section.3}% 6
\BOOKMARK [2][-]{subsection.3.4}{\376\377\000S\000i\000m\000u\000l\000a\000t\000i\000o\000n\000\040\000S\000t\000u\000d\000y\000\040\0001}{section.3}% 7
\BOOKMARK [1][-]{section.4}{\376\377\000T\000o\000p\000i\000c\000\040\0002\000:\000\040\000N\000o\000n\000-\000n\000e\000s\000t\000e\000d\000\040\000T\000w\000o\000-\000P\000h\000a\000s\000e\000\040\000S\000a\000m\000p\000l\000i\000n\000g}{}% 8
\BOOKMARK [2][-]{subsection.4.1}{\376\377\000B\000a\000c\000k\000g\000r\000o\000u\000n\000d}{section.4}% 9
\BOOKMARK [2][-]{subsection.4.2}{\376\377\000M\000e\000t\000h\000o\000d\000o\000l\000o\000g\000y}{section.4}% 10
\BOOKMARK [2][-]{subsection.4.3}{\376\377\000T\000h\000e\000o\000r\000e\000t\000i\000c\000a\000l\000\040\000R\000e\000s\000u\000l\000t\000s}{section.4}% 11
\BOOKMARK [2][-]{subsection.4.4}{\376\377\000S\000i\000m\000u\000l\000a\000t\000i\000o\000n\000\040\000S\000t\000u\000d\000y\000\040\0002}{section.4}% 12
\BOOKMARK [1][-]{section.5}{\376\377\000T\000o\000p\000i\000c\000\040\0003\000:\000\040\000M\000u\000l\000t\000i\000-\000S\000o\000u\000r\000c\000e\000\040\000T\000w\000o\000-\000P\000h\000a\000s\000e\000\040\000S\000a\000m\000p\000l\000i\000n\000g}{}% 13
\BOOKMARK [2][-]{subsection.5.1}{\376\377\000B\000a\000c\000k\000g\000r\000o\000u\000n\000d}{section.5}% 14
\BOOKMARK [2][-]{subsection.5.2}{\376\377\000M\000e\000t\000h\000o\000d\000o\000l\000o\000g\000y}{section.5}% 15
\BOOKMARK [2][-]{subsection.5.3}{\376\377\000T\000h\000e\000o\000r\000e\000t\000i\000c\000a\000l\000\040\000R\000e\000s\000u\000l\000t\000s}{section.5}% 16
\BOOKMARK [2][-]{subsection.5.4}{\376\377\000S\000i\000m\000u\000l\000a\000t\000i\000o\000n\000\040\000S\000t\000u\000d\000y\000\040\0003}{section.5}% 17
\BOOKMARK [1][-]{section.6}{\376\377\000R\000e\000a\000l\000-\000D\000a\000t\000a\000\040\000A\000n\000a\000l\000y\000s\000i\000s}{}% 18
\BOOKMARK [1][-]{section.7}{\376\377\000C\000o\000n\000c\000l\000u\000s\000i\000o\000n}{}% 19
\BOOKMARK [1][-]{section.8}{\376\377\000A\000p\000p\000e\000n\000d\000i\000x\000\040\000A\000:\000\040\000E\000s\000t\000i\000m\000a\000t\000i\000n\000g\000\040\000t\000h\000e\000\040\000P\000o\000p\000u\000l\000a\000t\000i\000o\000n\000\040\000W\000e\000i\000g\000h\000t\000s}{}% 20
